Loading required package: iterators
Loading required package: parallel
Loading required package: methods

Attaching package: ‘lubridate’

The following object is masked from ‘package:base’:

    date

Loading required package: grid
Loading required package: lattice
Loading required package: futile.logger
[1]  1.000000e+03  2.490000e-01 -2.948351e+02  8.441633e-03
[1]  1.000000e+03  2.260000e-01 -3.145025e+02  1.315259e-04
[1]  1.000000e+03  2.520000e-01 -3.375320e+02  9.122467e-05
[1]  1.000000e+03  2.280000e-01 -3.682746e+02  3.408381e-04
[1]  2.000000e+03  2.410000e-01 -2.960411e+02  9.451682e-05
[1]  2.000000e+03  2.295000e-01 -3.124737e+02  4.999081e-04
[1]  2.000000e+03  2.130000e-01 -3.224230e+02  1.207085e-04
[1]  2.000000e+03  2.315000e-01 -3.431498e+02  2.239328e-04
[1]  3.000000e+03  2.623333e-01 -2.950428e+02  9.015724e-04
[1]  3.000000e+03  2.343333e-01 -3.124792e+02  4.014978e-04
[1] 4000.00000000    0.23850000 -295.21746037    0.00158205
[1]  3.000000e+03  2.523333e-01 -3.213392e+02  9.068494e-05
[1]  3.000000e+03  2.483333e-01 -3.307659e+02  2.965959e-04
[1]  4.000000e+03  2.332500e-01 -3.108234e+02  4.266348e-04
[1]  5.000000e+03  2.210000e-01 -2.975640e+02  1.526034e-03
[1]  4.000000e+03  2.615000e-01 -3.233968e+02  1.979793e-04
[1]  6.000000e+03  2.136667e-01 -2.978808e+02  1.416827e-03
[1]  4.000000e+03  2.522500e-01 -3.347255e+02  4.866510e-04
[1]  5.000000e+03  2.254000e-01 -3.137031e+02  4.013280e-04
[1]  7.000000e+03  2.110000e-01 -2.953754e+02  1.369605e-03
[1]  5.000000e+03  2.482000e-01 -3.202595e+02  2.562926e-04
[1]  5.000000e+03  2.478000e-01 -3.339986e+02  6.099961e-04
[1]  6.000000e+03  2.330000e-01 -3.158470e+02  3.904812e-04
[1]  8.000000e+03  2.042500e-01 -2.951452e+02  1.349263e-03
[1]  6.000000e+03  2.445000e-01 -3.208993e+02  2.720889e-04
[1]  9.000000e+03  2.035556e-01 -2.971991e+02  1.340679e-03
[1]  6.000000e+03  2.366667e-01 -3.387373e+02  6.335693e-04
[1]  7.000000e+03  2.340000e-01 -3.120076e+02  3.911992e-04
[1]  1.000000e+04  2.030000e-01 -2.984193e+02  1.337494e-03
[1] 7000.00000000    0.23171429 -337.69407711    0.00063341
[1]  7.000000e+03  2.365714e-01 -3.221148e+02  2.753998e-04
[1]  8.000000e+03  2.358750e-01 -3.146556e+02  3.912513e-04
[1]  1.100000e+04  2.008182e-01 -2.971192e+02  1.336263e-03
[1]  8.000000e+03  2.317500e-01 -3.377675e+02  6.325814e-04
[1]  1.200000e+04  1.981667e-01 -2.981241e+02  1.335774e-03
[1]  8.000000e+03  2.306250e-01 -3.238844e+02  2.753637e-04
[1]  9.000000e+03  2.402222e-01 -3.140338e+02  3.915778e-04
[1]  1.300000e+04  1.953077e-01 -2.969448e+02  1.335581e-03
[1]  9.000000e+03  2.334444e-01 -3.363198e+02  6.322276e-04
[1]  9.000000e+03  2.288889e-01 -3.299861e+02  2.750928e-04
[1]  1.400000e+04  1.931429e-01 -2.978811e+02  1.335506e-03
[1]  1.000000e+04  2.401000e-01 -3.126657e+02  3.917753e-04
[1]  1.000000e+04  2.362000e-01 -3.338085e+02  6.322352e-04
[1]  1.500000e+04  1.907333e-01 -2.951237e+02  1.335477e-03
[1]  1.000000e+04  2.280000e-01 -3.321102e+02  2.749808e-04
[1]  1.600000e+04  1.888125e-01 -2.965701e+02  1.335465e-03
[1]  1.100000e+04  2.408182e-01 -3.375293e+02  6.323077e-04
[1]  1.100000e+04  2.424545e-01 -3.166268e+02  3.918518e-04
[1]  1.100000e+04  2.270000e-01 -3.254666e+02  2.749333e-04
[1]  1.700000e+04  1.878235e-01 -2.963453e+02  1.335461e-03
[1]  1.200000e+04  2.483333e-01 -3.349388e+02  6.323708e-04
[1]  1.800000e+04  1.862778e-01 -2.965181e+02  1.335460e-03
[1]  1.200000e+04  2.427500e-01 -3.173255e+02  3.918878e-04
[1]  1.300000e+04  2.543077e-01 -3.346618e+02  6.324128e-04
[1]  1.200000e+04  2.269167e-01 -3.285952e+02  2.749106e-04
[1]  1.900000e+04  1.852105e-01 -2.965556e+02  1.335459e-03
[1]  1.400000e+04  2.584286e-01 -3.341860e+02  6.324325e-04
[1]  1.300000e+04  2.428462e-01 -3.115250e+02  3.919018e-04
[1]  2.000000e+04  1.840000e-01 -2.964009e+02  1.335459e-03
[1]  1.300000e+04  2.261538e-01 -3.234622e+02  2.749034e-04
[1]  2.100000e+04  1.824762e-01 -2.966091e+02  1.335459e-03
[1]  1.500000e+04  2.614000e-01 -3.319795e+02  6.324410e-04
[1]  1.400000e+04  2.460714e-01 -3.135279e+02  3.919072e-04
[1]  2.200000e+04  1.813182e-01 -2.974653e+02  1.335459e-03
[1]  1.400000e+04  2.277857e-01 -3.288355e+02  2.749007e-04
[1]  1.600000e+04  2.636875e-01 -3.332241e+02  6.324445e-04
[1]  2.300000e+04  1.799130e-01 -2.979031e+02  1.335459e-03
[1] 15000.0000000     0.2296000  -327.3944658     0.0002749
[1]  1.700000e+04  2.672353e-01 -3.341775e+02  6.324459e-04
[1]  1.500000e+04  2.456000e-01 -3.098225e+02  3.919098e-04
[1]  2.400000e+04  1.781667e-01 -2.998819e+02  1.335459e-03
[1]  1.800000e+04  2.698333e-01 -3.354176e+02  6.324465e-04
[1]  1.600000e+04  2.302500e-01 -3.301030e+02  2.748998e-04
[1]  2.500000e+04  1.760000e-01 -2.956933e+02  1.335459e-03
[1]  1.900000e+04  2.725789e-01 -3.366321e+02  6.324467e-04
[1]  2.600000e+04  1.746923e-01 -2.993390e+02  1.335459e-03
[1]  1.600000e+04  2.437500e-01 -3.115869e+02  3.919105e-04
[1]  1.700000e+04  2.284706e-01 -3.243925e+02  2.748997e-04
[1]  2.000000e+04  2.761000e-01 -3.311921e+02  6.324468e-04
[1]  2.700000e+04  1.732222e-01 -3.004044e+02  1.335459e-03
[1]  2.100000e+04  2.825714e-01 -3.332236e+02  6.324468e-04
[1]  1.800000e+04  2.234444e-01 -3.171095e+02  2.748996e-04
[1]  2.800000e+04  1.717143e-01 -2.932187e+02  1.335459e-03
[1]  1.700000e+04  2.468235e-01 -3.163303e+02  3.919108e-04
[1]  2.200000e+04  2.878182e-01 -3.326764e+02  6.324468e-04
[1]  2.900000e+04  1.706897e-01 -2.979203e+02  1.335459e-03
[1]  1.900000e+04  2.199474e-01 -3.167342e+02  2.748996e-04
[1]  2.300000e+04  2.891304e-01 -3.359841e+02  6.324468e-04
[1]  1.800000e+04  2.475000e-01 -3.143409e+02  3.919110e-04
[1]  3.000000e+04  1.696000e-01 -2.996891e+02  1.335459e-03
[1]  2.400000e+04  2.902500e-01 -3.346478e+02  6.324468e-04
[1]  2.000000e+04  2.165000e-01 -3.172064e+02  2.748996e-04
[1]  3.100000e+04  1.674839e-01 -2.958308e+02  1.335459e-03
[1]  2.500000e+04  2.930000e-01 -3.327675e+02  6.324468e-04
[1]  1.900000e+04  2.484211e-01 -3.170601e+02  3.919110e-04
[1]  3.200000e+04  1.665938e-01 -2.967386e+02  1.335459e-03
[1]  2.600000e+04  2.965000e-01 -3.304570e+02  6.324468e-04
[1]  2.100000e+04  2.124286e-01 -3.173852e+02  2.748996e-04
[1]  3.300000e+04  1.662424e-01 -2.983805e+02  1.335459e-03
[1]  2.700000e+04  2.987037e-01 -3.319935e+02  6.324468e-04
[1]  2.000000e+04  2.505500e-01 -3.163208e+02  3.919111e-04
[1]  3.400000e+04  1.648529e-01 -2.962770e+02  1.335459e-03
[1]  2.200000e+04  2.091364e-01 -3.163784e+02  2.748996e-04
[1]  2.800000e+04  2.993571e-01 -3.312893e+02  6.324468e-04
[1]  3.500000e+04  1.642000e-01 -2.951654e+02  1.335459e-03
[1]  2.100000e+04  2.501429e-01 -3.158098e+02  3.919111e-04
[1]  2.900000e+04  2.998276e-01 -3.348030e+02  6.324468e-04
[1]  2.300000e+04  2.062174e-01 -3.193620e+02  2.748996e-04
[1]  3.600000e+04  1.634167e-01 -2.981268e+02  1.335459e-03
[1]  3.000000e+04  3.014333e-01 -3.356571e+02  6.324468e-04
[1]  3.700000e+04  1.624324e-01 -2.950113e+02  1.335459e-03
[1]  2.400000e+04  2.037917e-01 -3.253125e+02  2.748996e-04
[1]  3.100000e+04  3.023226e-01 -3.378140e+02  6.324468e-04
[1]  2.200000e+04  2.499545e-01 -3.108558e+02  3.919111e-04
[1]  3.800000e+04  1.620263e-01 -2.959294e+02  1.335459e-03
[1]  3.200000e+04  3.041875e-01 -3.312629e+02  6.324468e-04
[1]  2.500000e+04  2.013200e-01 -3.208232e+02  2.748996e-04
[1]  3.900000e+04  1.624359e-01 -2.958690e+02  1.335459e-03
[1]  3.300000e+04  3.059091e-01 -3.315903e+02  6.324468e-04
[1]  2.300000e+04  2.520435e-01 -3.134693e+02  3.919111e-04
[1]  4.000000e+04  1.616500e-01 -2.960951e+02  1.335459e-03
[1]  3.400000e+04  3.070588e-01 -3.372195e+02  6.324468e-04
[1]  2.600000e+04  1.987308e-01 -3.214262e+02  2.748996e-04
[1]  4.100000e+04  1.604146e-01 -2.990215e+02  1.335459e-03
[1]  3.500000e+04  3.091143e-01 -3.316210e+02  6.324468e-04
[1]  4.200000e+04  1.599286e-01 -2.958575e+02  1.335459e-03
[1]  2.700000e+04  1.973704e-01 -3.249448e+02  2.748996e-04
[1]  2.400000e+04  2.525833e-01 -3.123599e+02  3.919111e-04
[1]  3.600000e+04  3.106667e-01 -3.357738e+02  6.324468e-04
[1]  4.300000e+04  1.593488e-01 -2.986052e+02  1.335459e-03
[1]  3.700000e+04  3.103514e-01 -3.333359e+02  6.324468e-04
[1]  2.800000e+04  1.955714e-01 -3.214959e+02  2.748996e-04
[1]  4.400000e+04  1.584545e-01 -2.955581e+02  1.335459e-03
[1]  3.800000e+04  3.107895e-01 -3.336146e+02  6.324468e-04
[1]  2.500000e+04  2.526800e-01 -3.138989e+02  3.919111e-04
[1]  4.500000e+04  1.581556e-01 -2.953189e+02  1.335459e-03
[1]  2.900000e+04  1.941724e-01 -3.228726e+02  2.748996e-04
[1]  3.900000e+04  3.123333e-01 -3.310310e+02  6.324468e-04
[1]  4.600000e+04  1.582609e-01 -2.970137e+02  1.335459e-03
[1]  4.000000e+04  3.130500e-01 -3.339577e+02  6.324468e-04
[1]  4.700000e+04  1.578723e-01 -3.003906e+02  1.335459e-03
[1]  3.000000e+04  1.931333e-01 -3.204442e+02  2.748996e-04
[1]  2.600000e+04  2.524615e-01 -3.131587e+02  3.919111e-04
[1]  4.100000e+04  3.144146e-01 -3.312652e+02  6.324468e-04
[1]  4.800000e+04  1.571875e-01 -2.974623e+02  1.335459e-03
[1]  3.100000e+04  1.919677e-01 -3.213529e+02  2.748996e-04
[1]  4.900000e+04  1.569388e-01 -2.965505e+02  1.335459e-03
[1]  4.200000e+04  3.151429e-01 -3.353848e+02  6.324468e-04
[1]  2.700000e+04  2.500370e-01 -3.134166e+02  3.919111e-04
[1]  5.000000e+04  1.572800e-01 -2.979252e+02  1.335459e-03
[1]  4.300000e+04  3.170233e-01 -3.335335e+02  6.324468e-04
[1]  3.200000e+04  1.908125e-01 -3.186756e+02  2.748996e-04
[1]  5.100000e+04  1.574314e-01 -3.001000e+02  1.335459e-03
[1]  4.400000e+04  3.183636e-01 -3.356251e+02  6.324468e-04
[1]  2.800000e+04  2.483571e-01 -3.126085e+02  3.919111e-04
[1]  3.300000e+04  1.898182e-01 -3.187564e+02  2.748996e-04
[1]  4.500000e+04  3.200222e-01 -3.325695e+02  6.324468e-04
[1]  5.200000e+04  1.575000e-01 -2.985719e+02  1.335459e-03
[1]  4.600000e+04  3.215217e-01 -3.356052e+02  6.324468e-04
[1]  5.300000e+04  1.570755e-01 -3.020894e+02  1.335459e-03
[1]  3.400000e+04  1.900882e-01 -3.187493e+02  2.748996e-04
[1]  4.700000e+04  3.226596e-01 -3.356057e+02  6.324468e-04
[1]  2.900000e+04  2.480000e-01 -3.150776e+02  3.919111e-04
[1]  5.400000e+04  1.572963e-01 -2.973044e+02  1.335459e-03
[1]  4.800000e+04  3.239167e-01 -3.402139e+02  6.324468e-04
[1]  5.500000e+04  1.574909e-01 -2.964898e+02  1.335459e-03
[1]  3.500000e+04  1.893143e-01 -3.171407e+02  2.748996e-04
[1]  3.000000e+04  2.478000e-01 -3.118569e+02  3.919111e-04
[1]  4.900000e+04  3.256735e-01 -3.328083e+02  6.324468e-04
[1]  5.600000e+04  1.576250e-01 -2.990068e+02  1.335459e-03
[1]  5.000000e+04  3.267000e-01 -3.375409e+02  6.324468e-04
[1]  3.600000e+04  1.884444e-01 -3.206604e+02  2.748996e-04
[1]  5.700000e+04  1.570175e-01 -2.951711e+02  1.335459e-03
[1]  3.100000e+04  2.482258e-01 -3.123323e+02  3.919111e-04
[1]  5.100000e+04  3.279412e-01 -3.362161e+02  6.324468e-04
[1]  5.800000e+04  1.570172e-01 -2.971537e+02  1.335459e-03
[1]  3.700000e+04  1.874595e-01 -3.163842e+02  2.748996e-04
[1]  5.200000e+04  3.292500e-01 -3.328304e+02  6.324468e-04
[1]  3.200000e+04  2.490313e-01 -3.153995e+02  3.919111e-04
[1]  5.900000e+04  1.564068e-01 -2.972889e+02  1.335459e-03
[1]  5.300000e+04  3.310189e-01 -3.305857e+02  6.324468e-04
[1]  3.800000e+04  1.866316e-01 -3.189301e+02  2.748996e-04
[1]  6.000000e+04  1.563500e-01 -2.963765e+02  1.335459e-03
[1]  5.400000e+04  3.315556e-01 -3.365919e+02  6.324468e-04
[1]  3.300000e+04  2.500303e-01 -3.138617e+02  3.919111e-04
[1]  6.100000e+04  1.559016e-01 -2.976956e+02  1.335459e-03
[1]  5.500000e+04  3.314909e-01 -3.318920e+02  6.324468e-04
[1]  3.900000e+04  1.858718e-01 -3.159735e+02  2.748996e-04
[1]  6.200000e+04  1.556452e-01 -2.973345e+02  1.335459e-03
[1]  5.600000e+04  3.320357e-01 -3.354246e+02  6.324468e-04
[1]  6.300000e+04  1.552540e-01 -2.977939e+02  1.335459e-03
[1]  3.400000e+04  2.493824e-01 -3.164975e+02  3.919111e-04
[1]  4.000000e+04  1.847500e-01 -3.173963e+02  2.748996e-04
[1]  5.700000e+04  3.322632e-01 -3.380304e+02  6.324468e-04
[1]  6.400000e+04  1.552813e-01 -2.951903e+02  1.335459e-03
[1]  4.100000e+04  1.838049e-01 -3.215935e+02  2.748996e-04
[1]  6.500000e+04  1.553692e-01 -2.962727e+02  1.335459e-03
[1]  5.800000e+04  3.331379e-01 -3.359689e+02  6.324468e-04
[1]  3.500000e+04  2.490286e-01 -3.128746e+02  3.919111e-04
[1]  6.600000e+04  1.553030e-01 -2.953646e+02  1.335459e-03
[1]  5.900000e+04  3.334237e-01 -3.324576e+02  6.324468e-04
[1]  4.200000e+04  1.832619e-01 -3.176871e+02  2.748996e-04
[1]  6.700000e+04  1.555970e-01 -3.000743e+02  1.335459e-03
[1]  3.600000e+04  2.489167e-01 -3.109745e+02  3.919111e-04
[1]  6.000000e+04  3.342000e-01 -3.301371e+02  6.324468e-04
[1]  6.800000e+04  1.556618e-01 -2.988844e+02  1.335459e-03
[1]  4.300000e+04  1.817907e-01 -3.180277e+02  2.748996e-04
[1]  6.100000e+04  3.350492e-01 -3.340440e+02  6.324468e-04
[1]  6.900000e+04  1.564203e-01 -2.988866e+02  1.335459e-03
[1]  3.700000e+04  2.480270e-01 -3.134203e+02  3.919111e-04
[1]  6.200000e+04  3.355806e-01 -3.300830e+02  6.324468e-04
[1]  4.400000e+04  1.809545e-01 -3.150265e+02  2.748996e-04
[1]  7.000000e+04  1.565286e-01 -2.955503e+02  1.335459e-03
[1]  6.300000e+04  3.359206e-01 -3.342253e+02  6.324468e-04
[1]  7.100000e+04  1.564507e-01 -2.991934e+02  1.335459e-03
[1]  4.500000e+04  1.798444e-01 -3.189859e+02  2.748996e-04
[1]  3.800000e+04  2.468947e-01 -3.150709e+02  3.919111e-04
[1]  7.200000e+04  1.561111e-01 -2.958718e+02  1.335459e-03
[1]  6.400000e+04  3.365625e-01 -3.297190e+02  6.324468e-04
[1]  7.300000e+04  1.558082e-01 -2.958816e+02  1.335459e-03
[1]  4.600000e+04  1.792826e-01 -3.202417e+02  2.748996e-04
[1]  3.900000e+04  2.458974e-01 -3.168424e+02  3.919111e-04
[1]  6.500000e+04  3.364769e-01 -3.341671e+02  6.324468e-04
[1]  7.400000e+04  1.557703e-01 -2.964804e+02  1.335459e-03
[1]  6.600000e+04  3.366364e-01 -3.326023e+02  6.324468e-04
[1]  4.700000e+04  1.787021e-01 -3.219074e+02  2.748996e-04
[1]  4.000000e+04  2.457750e-01 -3.143554e+02  3.919111e-04
[1]  7.500000e+04  1.559600e-01 -3.002444e+02  1.335459e-03
[1]  6.700000e+04  3.367910e-01 -3.320449e+02  6.324468e-04
[1]  7.600000e+04  1.559868e-01 -2.985829e+02  1.335459e-03
[1]  4.800000e+04  1.785625e-01 -3.251422e+02  2.748996e-04
[1]  6.800000e+04  3.372647e-01 -3.342248e+02  6.324468e-04
[1]  4.100000e+04  2.439024e-01 -3.160072e+02  3.919111e-04
[1]  7.700000e+04  1.562078e-01 -2.964307e+02  1.335459e-03
[1]  4.900000e+04  1.781224e-01 -3.198635e+02  2.748996e-04
[1]  6.900000e+04  3.375362e-01 -3.339086e+02  6.324468e-04
[1]  7.800000e+04  1.560256e-01 -2.975961e+02  1.335459e-03
[1]  4.200000e+04  2.426190e-01 -3.113427e+02  3.919111e-04
[1]  7.000000e+04  3.376714e-01 -3.385503e+02  6.324468e-04
[1]  7.900000e+04  1.558987e-01 -3.033531e+02  1.335459e-03
[1]  5.000000e+04  1.779200e-01 -3.201505e+02  2.748996e-04
[1]  7.100000e+04  3.383662e-01 -3.336834e+02  6.324468e-04
[1]  8.000000e+04  1.556875e-01 -2.957899e+02  1.335459e-03
[1]  4.300000e+04  2.414419e-01 -3.099732e+02  3.919111e-04
[1]  7.200000e+04  3.391389e-01 -3.327754e+02  6.324468e-04
[1]  8.100000e+04  1.555309e-01 -2.963547e+02  1.335459e-03
[1]  5.100000e+04  1.774510e-01 -3.173029e+02  2.748996e-04
[1]  4.400000e+04  2.410227e-01 -3.109896e+02  3.919111e-04
[1]  8.200000e+04  1.552317e-01 -2.971187e+02  1.335459e-03
[1]  7.300000e+04  3.390959e-01 -3.318672e+02  6.324468e-04
[1]  5.200000e+04  1.775000e-01 -3.217008e+02  2.748996e-04
[1]  4.500000e+04  2.406444e-01 -3.152006e+02  3.919111e-04
[1]  8.300000e+04  1.547590e-01 -2.975373e+02  1.335459e-03
[1]  7.400000e+04  3.388378e-01 -3.314960e+02  6.324468e-04
[1]  8.400000e+04  1.545952e-01 -2.970812e+02  1.335459e-03
[1]  4.600000e+04  2.405217e-01 -3.127924e+02  3.919111e-04
[1]  5.300000e+04  1.776792e-01 -3.247787e+02  2.748996e-04
[1]  7.500000e+04  3.392667e-01 -3.338342e+02  6.324468e-04
[1]  8.500000e+04  1.545294e-01 -2.984046e+02  1.335459e-03
[1]  4.700000e+04  2.406596e-01 -3.123523e+02  3.919111e-04
[1]  7.600000e+04  3.392895e-01 -3.330463e+02  6.324468e-04
[1]  8.600000e+04  1.544419e-01 -2.965827e+02  1.335459e-03
[1]  5.400000e+04  1.780556e-01 -3.188809e+02  2.748996e-04
[1]  7.700000e+04  3.393506e-01 -3.351839e+02  6.324468e-04
[1]  4.800000e+04  2.411042e-01 -3.165239e+02  3.919111e-04
[1]  8.700000e+04  1.545977e-01 -2.987392e+02  1.335459e-03
[1]  5.500000e+04  1.780545e-01 -3.180539e+02  2.748996e-04
[1]  8.800000e+04  1.544205e-01 -2.988607e+02  1.335459e-03
[1]  7.800000e+04  3.392051e-01 -3.311474e+02  6.324468e-04
[1]  4.900000e+04  2.414286e-01 -3.161962e+02  3.919111e-04
[1]  8.900000e+04  1.547303e-01 -2.967611e+02  1.335459e-03
[1]  7.900000e+04  3.392658e-01 -3.303130e+02  6.324468e-04
[1]  5.600000e+04  1.786964e-01 -3.234235e+02  2.748996e-04
[1]  9.000000e+04  1.545778e-01 -2.968340e+02  1.335459e-03
[1]  5.000000e+04  2.407800e-01 -3.136406e+02  3.919111e-04
[1]  8.000000e+04  3.393375e-01 -3.316312e+02  6.324468e-04
[1]  5.700000e+04  1.791053e-01 -3.184411e+02  2.748996e-04
[1]  9.100000e+04  1.542967e-01 -2.972458e+02  1.335459e-03
[1]  5.100000e+04  2.396471e-01 -3.134056e+02  3.919111e-04
[1]  8.100000e+04  3.392963e-01 -3.336538e+02  6.324468e-04
[1]  9.200000e+04  1.541739e-01 -2.957583e+02  1.335459e-03
[1]  5.800000e+04  1.786552e-01 -3.176135e+02  2.748996e-04
[1]  9.300000e+04  1.541183e-01 -2.968067e+02  1.335459e-03
[1]  8.200000e+04  3.389390e-01 -3.308278e+02  6.324468e-04
[1]  5.200000e+04  2.392885e-01 -3.109009e+02  3.919111e-04
[1]  9.400000e+04  1.538191e-01 -2.963454e+02  1.335459e-03
[1]  5.900000e+04  1.779831e-01 -3.176352e+02  2.748996e-04
[1]  8.300000e+04  3.389398e-01 -3.340035e+02  6.324468e-04
[1]  5.300000e+04  2.395849e-01 -3.149755e+02  3.919111e-04
[1]  9.500000e+04  1.538211e-01 -2.962101e+02  1.335459e-03
[1]  8.400000e+04  3.391071e-01 -3.323357e+02  6.324468e-04
[1]  6.000000e+04  1.774167e-01 -3.158530e+02  2.748996e-04
[1]  9.600000e+04  1.539271e-01 -2.963574e+02  1.335459e-03
[1]  5.400000e+04  2.395741e-01 -3.130041e+02  3.919111e-04
[1]  8.500000e+04  3.388706e-01 -3.332684e+02  6.324468e-04
[1]  9.700000e+04  1.535361e-01 -2.968877e+02  1.335459e-03
[1]  6.100000e+04  1.768852e-01 -3.170213e+02  2.748996e-04
[1]  9.800000e+04  1.535000e-01 -2.951120e+02  1.335459e-03
[1]  8.600000e+04  3.388721e-01 -3.340986e+02  6.324468e-04
[1]  5.500000e+04  2.387273e-01 -3.121689e+02  3.919111e-04
[1]  9.900000e+04  1.536364e-01 -2.968102e+02  1.335459e-03
[1]  6.200000e+04  1.762581e-01 -3.167354e+02  2.748996e-04
[1]  8.700000e+04  3.391494e-01 -3.353611e+02  6.324468e-04
[1]  5.600000e+04  2.391250e-01 -3.126543e+02  3.919111e-04
[1]  1.000000e+05  1.536300e-01 -3.027684e+02  1.335459e-03
[1]  8.800000e+04  3.389545e-01 -3.328577e+02  6.324468e-04
[1]  6.300000e+04  1.756667e-01 -3.148213e+02  2.748996e-04
[1]  5.700000e+04  2.394912e-01 -3.131961e+02  3.919111e-04
[1]  8.900000e+04  3.393820e-01 -3.322211e+02  6.324468e-04
[1]  6.400000e+04  1.751094e-01 -3.159851e+02  2.748996e-04
[1]  9.000000e+04  3.403333e-01 -3.339010e+02  6.324468e-04
[1]  5.800000e+04  2.402069e-01 -3.202601e+02  3.919111e-04
[1]  9.100000e+04  3.411538e-01 -3.384411e+02  6.324468e-04
[1]  6.500000e+04  1.746923e-01 -3.184749e+02  2.748996e-04
[1]  5.900000e+04  2.407627e-01 -3.190255e+02  3.919111e-04
[1]  9.200000e+04  3.416087e-01 -3.351824e+02  6.324468e-04
[1]  6.600000e+04  1.738182e-01 -3.178362e+02  2.748996e-04
[1]  9.300000e+04  3.417849e-01 -3.358389e+02  6.324468e-04
[1]  6.000000e+04  2.407667e-01 -3.138114e+02  3.919111e-04
[1]  9.400000e+04  3.421383e-01 -3.323605e+02  6.324468e-04
[1]  6.700000e+04  1.733731e-01 -3.170049e+02  2.748996e-04
[1]  6.100000e+04  2.411148e-01 -3.112612e+02  3.919111e-04
[1]  9.500000e+04  3.425895e-01 -3.323883e+02  6.324468e-04
[1]  6.200000e+04  2.417258e-01 -3.113093e+02  3.919111e-04
[1]  6.800000e+04  1.723824e-01 -3.213149e+02  2.748996e-04
[1]  9.600000e+04  3.427604e-01 -3.332002e+02  6.324468e-04
[1]  6.300000e+04  2.419206e-01 -3.135696e+02  3.919111e-04
[1]  9.700000e+04  3.430825e-01 -3.331423e+02  6.324468e-04
[1]  6.900000e+04  1.716522e-01 -3.179657e+02  2.748996e-04
[1]  6.400000e+04  2.426719e-01 -3.136886e+02  3.919111e-04
[1]  9.800000e+04  3.435714e-01 -3.325069e+02  6.324468e-04
[1]  6.500000e+04  2.434308e-01 -3.145639e+02  3.919111e-04
[1]  7.000000e+04  1.707429e-01 -3.232771e+02  2.748996e-04
[1]  9.900000e+04  3.436263e-01 -3.341381e+02  6.324468e-04
[1]  6.600000e+04  2.438939e-01 -3.151590e+02  3.919111e-04
[1]  1.000000e+05  3.442600e-01 -3.355355e+02  6.324468e-04
[1]  7.100000e+04  1.701268e-01 -3.146900e+02  2.748996e-04
[1]  6.700000e+04  2.444030e-01 -3.160398e+02  3.919111e-04
[1]  6.800000e+04  2.446324e-01 -3.130184e+02  3.919111e-04
[1]  7.200000e+04  1.694167e-01 -3.179074e+02  2.748996e-04
[1]  6.900000e+04  2.444783e-01 -3.112879e+02  3.919111e-04
[1]  7.300000e+04  1.691918e-01 -3.177494e+02  2.748996e-04
[1]  7.000000e+04  2.440000e-01 -3.138598e+02  3.919111e-04
[1]  7.100000e+04  2.435352e-01 -3.099748e+02  3.919111e-04
[1]  7.400000e+04  1.687432e-01 -3.174192e+02  2.748996e-04
[1]  7.200000e+04  2.427917e-01 -3.119843e+02  3.919111e-04
[1]  7.500000e+04  1.683733e-01 -3.162583e+02  2.748996e-04
[1]  7.300000e+04  2.423973e-01 -3.097849e+02  3.919111e-04
[1]  7.400000e+04  2.427973e-01 -3.164907e+02  3.919111e-04
[1]  7.600000e+04  1.680263e-01 -3.152692e+02  2.748996e-04
[1]  7.500000e+04  2.430533e-01 -3.122034e+02  3.919111e-04
[1]  7.700000e+04  1.673117e-01 -3.130231e+02  2.748996e-04
[1]  7.600000e+04  2.426974e-01 -3.101209e+02  3.919111e-04
[1]  7.700000e+04  2.418182e-01 -3.153537e+02  3.919111e-04
[1]  7.800000e+04  1.666538e-01 -3.170695e+02  2.748996e-04
